#
# An unexpected error has occurred (6)
#
Stack:
/lib/x86_64-linux-gnu/libc.so.6(+0x42520) [0x7f9453c1a520]
/lib/x86_64-linux-gnu/libc.so.6(pthread_kill+0x12c) [0x7f9453c6ea7c]
/lib/x86_64-linux-gnu/libc.so.6(raise+0x16) [0x7f9453c1a476]
/lib/x86_64-linux-gnu/libc.so.6(abort+0xd3) [0x7f9453c007f3]
/lib/x86_64-linux-gnu/libc.so.6(+0x896f6) [0x7f9453c616f6]
/lib/x86_64-linux-gnu/libc.so.6(+0xa0d7c) [0x7f9453c78d7c]
/lib/x86_64-linux-gnu/libc.so.6(+0xa4cec) [0x7f9453c7ccec]
/lib/x86_64-linux-gnu/libc.so.6(realloc+0x122) [0x7f9453c7d8e2]
/lib/x86_64-linux-gnu/libudev.so.1(+0x156d7) [0x7f94548826d7]
/lib/x86_64-linux-gnu/libudev.so.1(+0x1baeb) [0x7f9454888aeb]
/lib/x86_64-linux-gnu/libudev.so.1(+0x75cf) [0x7f94548745cf]
/lib/x86_64-linux-gnu/libudev.so.1(+0x7b3b) [0x7f9454874b3b]
/lib/x86_64-linux-gnu/libudev.so.1(+0x10162) [0x7f945487d162]
/lib/x86_64-linux-gnu/libudev.so.1(+0x105a3) [0x7f945487d5a3]
/lib/x86_64-linux-gnu/libudev.so.1(udev_enumerate_scan_devices+0x2a1) [0x7f945487e311]
/tools/Xilinx/Vivado/2019.2/lib/lnx64.o/libXil_lmgr11.so(+0x10f927) [0x7f944ad0f927]
/tools/Xilinx/Vivado/2019.2/lib/lnx64.o/libXil_lmgr11.so(xilinxd_52bd858d5acf2fc4+0x9) [0x7f944ad0fd89]
/tools/Xilinx/Vivado/2019.2/lib/lnx64.o/libXil_lmgr11.so(+0xc6566) [0x7f944acc6566]
/tools/Xilinx/Vivado/2019.2/lib/lnx64.o/libXil_lmgr11.so(xilinxd_52bd853912de43c2+0xc8) [0x7f944acc6098]
/tools/Xilinx/Vivado/2019.2/lib/lnx64.o/libXil_lmgr11.so(+0xb33a2) [0x7f944acb33a2]
/tools/Xilinx/Vivado/2019.2/lib/lnx64.o/libXil_lmgr11.so(xilinxd_52bd995765656b48+0x2a) [0x7f944acbd5da]
/tools/Xilinx/Vivado/2019.2/lib/lnx64.o/libXil_lmgr11.so(xilinxd_52bd700d1bd3c616+0x73) [0x7f944acbd6c3]
/tools/Xilinx/Vivado/2019.2/lib/lnx64.o/librdi_commonxillic.so(XilReg::Utils::GetHostInfo[abi:cxx11](XilReg::Utils::HostInfoType, bool) const+0x208) [0x7f944e6674f8]
/tools/Xilinx/Vivado/2019.2/lib/lnx64.o/librdi_commonxillic.so(XilReg::Utils::GetHostInfoFormatted[abi:cxx11](XilReg::Utils::HostInfoType, bool) const+0x52) [0x7f944e66b2c2]
/tools/Xilinx/Vivado/2019.2/lib/lnx64.o/librdi_commonxillic.so(XilReg::Utils::GetHostInfo[abi:cxx11]() const+0x183) [0x7f944e66b583]
/tools/Xilinx/Vivado/2019.2/lib/lnx64.o/librdi_commonxillic.so(XilReg::Utils::GetRegInfo(std::__cxx11::basic_string<char, std::char_traits<char>, std::allocator<char> > const&, bool, bool)+0xc6) [0x7f944e675e06]
/tools/Xilinx/Vivado/2019.2/lib/lnx64.o/librdi_commonxillic.so(XilReg::Utils::GetRegInfoWebTalk(std::__cxx11::basic_string<char, std::char_traits<char>, std::allocator<char> > const&)+0x60) [0x7f944e676090]
/tools/Xilinx/Vivado/2019.2/lib/lnx64.o/librdi_project.so(HAPRWebtalkHelper::getRegistrationId[abi:cxx11]() const+0x3a) [0x7f9419e37a2a]
/tools/Xilinx/Vivado/2019.2/lib/lnx64.o/librdi_project.so(HAPRWebtalkHelper::HAPRWebtalkHelper(HAPRProject*, HAPRDesign*, HWEWebtalkMgr*, std::__cxx11::basic_string<char, std::char_traits<char>, std::allocator<char> > const&)+0xb0) [0x7f9419e37ea0]
/tools/Xilinx/Vivado/2019.2/lib/lnx64.o/librdi_tcltasks.so(+0x180cbc6) [0x7f944520cbc6]
/tools/Xilinx/Vivado/2019.2/lib/lnx64.o/librdi_tcltasks.so(+0x1817914) [0x7f9445217914]
/tools/Xilinx/Vivado/2019.2/lib/lnx64.o/librdi_common.so(+0x86eca2) [0x7f945526eca2]
/tools/Xilinx/Vivado/2019.2/lib/lnx64.o/libtcl8.5.so(+0x334af) [0x7f944da334af]
/tools/Xilinx/Vivado/2019.2/lib/lnx64.o/libtcl8.5.so(+0x76875) [0x7f944da76875]
/tools/Xilinx/Vivado/2019.2/lib/lnx64.o/libtcl8.5.so(+0x7e029) [0x7f944da7e029]
/tools/Xilinx/Vivado/2019.2/lib/lnx64.o/libtcl8.5.so(TclEvalObjEx+0x76) [0x7f944da35156]
/tools/Xilinx/Vivado/2019.2/lib/lnx64.o/librdi_common.so(+0x86d1b1) [0x7f945526d1b1]
/tools/Xilinx/Vivado/2019.2/lib/lnx64.o/libtcl8.5.so(Tcl_ServiceEvent+0x7f) [0x7f944daa7b0f]
/tools/Xilinx/Vivado/2019.2/lib/lnx64.o/libtcl8.5.so(Tcl_DoOneEvent+0x154) [0x7f944daa7e44]
/tools/Xilinx/Vivado/2019.2/lib/lnx64.o/librdi_commontasks.so(+0x2da555) [0x7f9447ada555]
/tools/Xilinx/Vivado/2019.2/lib/lnx64.o/librdi_commontasks.so(+0x2df101) [0x7f9447adf101]
/tools/Xilinx/Vivado/2019.2/lib/lnx64.o/librdi_commontasks.so(+0x2e011e) [0x7f9447ae011e]
/tools/Xilinx/Vivado/2019.2/lib/lnx64.o/librdi_common.so(+0x86eca2) [0x7f945526eca2]
/tools/Xilinx/Vivado/2019.2/lib/lnx64.o/libtcl8.5.so(+0x334af) [0x7f944da334af]
/tools/Xilinx/Vivado/2019.2/lib/lnx64.o/libtcl8.5.so(+0x76875) [0x7f944da76875]
/tools/Xilinx/Vivado/2019.2/lib/lnx64.o/libtcl8.5.so(+0x7e029) [0x7f944da7e029]
/tools/Xilinx/Vivado/2019.2/lib/lnx64.o/libtcl8.5.so(TclEvalObjEx+0x76) [0x7f944da35156]
/tools/Xilinx/Vivado/2019.2/lib/lnx64.o/librdi_commonmain.so(+0x7af3) [0x7f9454607af3]
/tools/Xilinx/Vivado/2019.2/lib/lnx64.o/libtcl8.5.so(Tcl_Main+0x1d0) [0x7f944daa0210]
/tools/Xilinx/Vivado/2019.2/lib/lnx64.o/librdi_common.so(+0x8b30cb) [0x7f94552b30cb]
/lib/x86_64-linux-gnu/libc.so.6(+0x94b43) [0x7f9453c6cb43]
/lib/x86_64-linux-gnu/libc.so.6(+0x126a00) [0x7f9453cfea00]
