#-----------------------------------------------------------
# Vivado v2019.2 (64-bit)
# SW Build 2708876 on Wed Nov  6 21:39:14 MST 2019
# IP Build 2700528 on Thu Nov  7 00:09:20 MST 2019
# Start of session at: Thu Apr 20 10:57:49 2023
# Process ID: 1596982
# Current directory: /home/student_28/Files/Lab_4/pulpino_students
# Command line: vivado
# Log file: /home/student_28/Files/Lab_4/pulpino_students/vivado.log
# Journal file: /home/student_28/Files/Lab_4/pulpino_students/vivado.jou
#-----------------------------------------------------------
start_gui
open_project /home/student_28/Files/Lab_4/pulpino_students/pulpino_nexys_a7_100t/pulpino_nexys_a7_100t.xpr
Scanning sources...
Finished scanning sources
INFO: [IP_Flow 19-234] Refreshing IP repositories
INFO: [IP_Flow 19-1704] No user IP repositories specified
INFO: [IP_Flow 19-2313] Loaded Vivado IP repository '/tools/Xilinx/Vivado/2019.2/data/ip'.
update_compile_order -fileset sources_1
update_compile_order -fileset sources_1
launch_runs impl_1 -jobs 16
WARNING: [Vivado 12-7122] Auto Incremental Compile:: No reference checkpoint was found in run impl_1. Auto-incremental flow will not be run, the standard flow will be run instead.
