Copyright 1986-2019 Xilinx, Inc. All Rights Reserved.
----------------------------------------------------------------------------------------------
| Tool Version : Vivado v.2019.2 (lin64) Build 2708876 Wed Nov  6 21:39:14 MST 2019
| Date         : Fri Jun  2 11:25:58 2023
| Host         : students-ct running 64-bit Ubuntu 22.04.2 LTS
| Command      : report_incremental_reuse -file pulpino_nexys_a7_incremental_reuse_routed.rpt
| Design       : pulpino_nexys_a7
| Device       : xc7a100t
| Design State : Fully Routed
----------------------------------------------------------------------------------------------

Incremental Implementation Information

Table of Contents
-----------------
1. Reuse Summary
2. Reference Checkpoint Information
3. Comparison with Reference Run
4. Non Reuse Information

1. Reuse Summary
----------------

+-------+----------------------+--------------------+--------------------+-------+
|  Type | Matched % (of Total) | Reuse % (of Total) | Fixed % (of Total) | Total |
+-------+----------------------+--------------------+--------------------+-------+
| Cells |               100.00 |             100.00 |               0.20 | 21596 |
| Nets  |               100.00 |             100.00 |               0.00 | 16118 |
| Pins  |                    - |             100.00 |                  - | 96371 |
| Ports |               100.00 |             100.00 |             100.00 |    44 |
+-------+----------------------+--------------------+--------------------+-------+


2. Reference Checkpoint Information
-----------------------------------

+----------------+------------------------------------------------------------------------------------------------------------------------------------+
| DCP Location:  | /home/student_28/Files/Pulpino/pulpino_nexys_a7_100t/pulpino_nexys_a7_100t.srcs/utils_1/imports/impl_1/pulpino_nexys_a7_routed.dcp |
+----------------+------------------------------------------------------------------------------------------------------------------------------------+


+--------------------------------+----------------------------+
|         DCP Information        |            Value           |
+--------------------------------+----------------------------+
| Vivado Version                 |                     2019.2 |
| DCP State                      |                 POST_ROUTE |
| Recorded WNS                   |                      1.276 |
| Recorded WHS                   |                      0.049 |
| Reference Speed File Version   | PRODUCTION 1.23 2018-06-13 |
| Incremental Speed File Version | PRODUCTION 1.23 2018-06-13 |
+--------------------------------+----------------------------+
* Recorded WNS/WHS timing numbers are estimated timing numbers. They may vary slightly from sign-off timing numbers.


3. Comparison with Reference Run
--------------------------------

+-----------------+---------------------------+---------------------------+---------------------------+
|                 |          WNS(ns)          |  Runtime(elapsed)(hh:mm)  |    Runtime(cpu)(hh:mm)    |
+-----------------+-------------+-------------+-------------+-------------+-------------+-------------+
|      Stage      |  Reference  | Incremental |  Reference  | Incremental |  Reference  | Incremental |
+-----------------+-------------+-------------+-------------+-------------+-------------+-------------+
| synth_design    |             |             |       00:04 |       00:04 |       00:03 |       00:04 |
| opt_design      |             |             |     < 1 min |     < 1 min |     < 1 min |     < 1 min |
| read_checkpoint |             |             |     < 1 min |     < 1 min |     < 1 min |     < 1 min |
| place_design    |       1.276 |       1.276 |     < 1 min |     < 1 min |     < 1 min |     < 1 min |
| phys_opt_design |             |             |             |             |             |             |
| route_design    |       1.276 |       1.276 |     < 1 min |     < 1 min |       00:01 |     < 1 min |
+-----------------+-------------+-------------+-------------+-------------+-------------+-------------+


4. Non Reuse Information
------------------------

+-----------------------+------+
|          Type         |   %  |
+-----------------------+------+
| Non-Reused Cells      | 0.00 |
| Partially reused nets | 0.00 |
| Non-Reused nets       | 0.00 |
| Non-Reused Ports      | 0.00 |
+-----------------------+------+


